CRITICAL - 2020-11-17 19:02:43 --> Undefined variable: id
#0 /home/klient.dhosting.pl/konradgruza/domeny/rezerwacja.onrop.pl/app/Controllers/App.php(121): CodeIgniter\Debug\Exceptions->errorHandler(8, 'Undefined varia...', '/home/klient.dh...', 121, Array)
#1 /home/klient.dhosting.pl/konradgruza/domeny/rezerwacja.onrop.pl/system/CodeIgniter.php(918): App\Controllers\App->samochod_process()
#2 /home/klient.dhosting.pl/konradgruza/domeny/rezerwacja.onrop.pl/system/CodeIgniter.php(404): CodeIgniter\CodeIgniter->runController(Object(App\Controllers\App))
#3 /home/klient.dhosting.pl/konradgruza/domeny/rezerwacja.onrop.pl/system/CodeIgniter.php(312): CodeIgniter\CodeIgniter->handleRequest(NULL, Object(Config\Cache), false)
#4 /home/klient.dhosting.pl/konradgruza/domeny/rezerwacja.onrop.pl/public/index.php(45): CodeIgniter\CodeIgniter->run()
#5 {main}
CRITICAL - 2020-11-17 19:03:15 --> Undefined variable: id
#0 /home/klient.dhosting.pl/konradgruza/domeny/rezerwacja.onrop.pl/app/Controllers/App.php(121): CodeIgniter\Debug\Exceptions->errorHandler(8, 'Undefined varia...', '/home/klient.dh...', 121, Array)
#1 /home/klient.dhosting.pl/konradgruza/domeny/rezerwacja.onrop.pl/system/CodeIgniter.php(918): App\Controllers\App->samochod_process()
#2 /home/klient.dhosting.pl/konradgruza/domeny/rezerwacja.onrop.pl/system/CodeIgniter.php(404): CodeIgniter\CodeIgniter->runController(Object(App\Controllers\App))
#3 /home/klient.dhosting.pl/konradgruza/domeny/rezerwacja.onrop.pl/system/CodeIgniter.php(312): CodeIgniter\CodeIgniter->handleRequest(NULL, Object(Config\Cache), false)
#4 /home/klient.dhosting.pl/konradgruza/domeny/rezerwacja.onrop.pl/public/index.php(45): CodeIgniter\CodeIgniter->run()
#5 {main}
CRITICAL - 2020-11-17 19:03:32 --> Undefined variable: id
#0 /home/klient.dhosting.pl/konradgruza/domeny/rezerwacja.onrop.pl/app/Controllers/App.php(121): CodeIgniter\Debug\Exceptions->errorHandler(8, 'Undefined varia...', '/home/klient.dh...', 121, Array)
#1 /home/klient.dhosting.pl/konradgruza/domeny/rezerwacja.onrop.pl/system/CodeIgniter.php(918): App\Controllers\App->samochod_process()
#2 /home/klient.dhosting.pl/konradgruza/domeny/rezerwacja.onrop.pl/system/CodeIgniter.php(404): CodeIgniter\CodeIgniter->runController(Object(App\Controllers\App))
#3 /home/klient.dhosting.pl/konradgruza/domeny/rezerwacja.onrop.pl/system/CodeIgniter.php(312): CodeIgniter\CodeIgniter->handleRequest(NULL, Object(Config\Cache), false)
#4 /home/klient.dhosting.pl/konradgruza/domeny/rezerwacja.onrop.pl/public/index.php(45): CodeIgniter\CodeIgniter->run()
#5 {main}
CRITICAL - 2020-11-17 19:03:46 --> Undefined index: marka
#0 /home/klient.dhosting.pl/konradgruza/domeny/rezerwacja.onrop.pl/app/Views/samochod_process.php(17): CodeIgniter\Debug\Exceptions->errorHandler(8, 'Undefined index...', '/home/klient.dh...', 17, Array)
#1 /home/klient.dhosting.pl/konradgruza/domeny/rezerwacja.onrop.pl/system/View/View.php(246): include('/home/klient.dh...')
#2 /home/klient.dhosting.pl/konradgruza/domeny/rezerwacja.onrop.pl/system/Common.php(1119): CodeIgniter\View\View->render('samochod_proces...', Array, true)
#3 /home/klient.dhosting.pl/konradgruza/domeny/rezerwacja.onrop.pl/app/Controllers/App.php(127): view('samochod_proces...', Array)
#4 /home/klient.dhosting.pl/konradgruza/domeny/rezerwacja.onrop.pl/system/CodeIgniter.php(918): App\Controllers\App->samochod_process()
#5 /home/klient.dhosting.pl/konradgruza/domeny/rezerwacja.onrop.pl/system/CodeIgniter.php(404): CodeIgniter\CodeIgniter->runController(Object(App\Controllers\App))
#6 /home/klient.dhosting.pl/konradgruza/domeny/rezerwacja.onrop.pl/system/CodeIgniter.php(312): CodeIgniter\CodeIgniter->handleRequest(NULL, Object(Config\Cache), false)
#7 /home/klient.dhosting.pl/konradgruza/domeny/rezerwacja.onrop.pl/public/index.php(45): CodeIgniter\CodeIgniter->run()
#8 {main}
CRITICAL - 2020-11-17 19:05:27 --> Undefined index: marka
#0 /home/klient.dhosting.pl/konradgruza/domeny/rezerwacja.onrop.pl/app/Views/samochod_process.php(17): CodeIgniter\Debug\Exceptions->errorHandler(8, 'Undefined index...', '/home/klient.dh...', 17, Array)
#1 /home/klient.dhosting.pl/konradgruza/domeny/rezerwacja.onrop.pl/system/View/View.php(246): include('/home/klient.dh...')
#2 /home/klient.dhosting.pl/konradgruza/domeny/rezerwacja.onrop.pl/system/Common.php(1119): CodeIgniter\View\View->render('samochod_proces...', Array, true)
#3 /home/klient.dhosting.pl/konradgruza/domeny/rezerwacja.onrop.pl/app/Controllers/App.php(127): view('samochod_proces...', Array)
#4 /home/klient.dhosting.pl/konradgruza/domeny/rezerwacja.onrop.pl/system/CodeIgniter.php(918): App\Controllers\App->samochod_process()
#5 /home/klient.dhosting.pl/konradgruza/domeny/rezerwacja.onrop.pl/system/CodeIgniter.php(404): CodeIgniter\CodeIgniter->runController(Object(App\Controllers\App))
#6 /home/klient.dhosting.pl/konradgruza/domeny/rezerwacja.onrop.pl/system/CodeIgniter.php(312): CodeIgniter\CodeIgniter->handleRequest(NULL, Object(Config\Cache), false)
#7 /home/klient.dhosting.pl/konradgruza/domeny/rezerwacja.onrop.pl/public/index.php(45): CodeIgniter\CodeIgniter->run()
#8 {main}
CRITICAL - 2020-11-17 19:06:01 --> Undefined index: marka
#0 /home/klient.dhosting.pl/konradgruza/domeny/rezerwacja.onrop.pl/app/Views/samochod_process.php(17): CodeIgniter\Debug\Exceptions->errorHandler(8, 'Undefined index...', '/home/klient.dh...', 17, Array)
#1 /home/klient.dhosting.pl/konradgruza/domeny/rezerwacja.onrop.pl/system/View/View.php(246): include('/home/klient.dh...')
#2 /home/klient.dhosting.pl/konradgruza/domeny/rezerwacja.onrop.pl/system/Common.php(1119): CodeIgniter\View\View->render('samochod_proces...', Array, true)
#3 /home/klient.dhosting.pl/konradgruza/domeny/rezerwacja.onrop.pl/app/Controllers/App.php(127): view('samochod_proces...', Array)
#4 /home/klient.dhosting.pl/konradgruza/domeny/rezerwacja.onrop.pl/system/CodeIgniter.php(918): App\Controllers\App->samochod_process()
#5 /home/klient.dhosting.pl/konradgruza/domeny/rezerwacja.onrop.pl/system/CodeIgniter.php(404): CodeIgniter\CodeIgniter->runController(Object(App\Controllers\App))
#6 /home/klient.dhosting.pl/konradgruza/domeny/rezerwacja.onrop.pl/system/CodeIgniter.php(312): CodeIgniter\CodeIgniter->handleRequest(NULL, Object(Config\Cache), false)
#7 /home/klient.dhosting.pl/konradgruza/domeny/rezerwacja.onrop.pl/public/index.php(45): CodeIgniter\CodeIgniter->run()
#8 {main}
CRITICAL - 2020-11-17 19:14:02 --> Undefined index: marka
#0 /home/klient.dhosting.pl/konradgruza/domeny/rezerwacja.onrop.pl/app/Views/samochod_process.php(17): CodeIgniter\Debug\Exceptions->errorHandler(8, 'Undefined index...', '/home/klient.dh...', 17, Array)
#1 /home/klient.dhosting.pl/konradgruza/domeny/rezerwacja.onrop.pl/system/View/View.php(246): include('/home/klient.dh...')
#2 /home/klient.dhosting.pl/konradgruza/domeny/rezerwacja.onrop.pl/system/Common.php(1119): CodeIgniter\View\View->render('samochod_proces...', Array, true)
#3 /home/klient.dhosting.pl/konradgruza/domeny/rezerwacja.onrop.pl/app/Controllers/App.php(127): view('samochod_proces...', Array)
#4 /home/klient.dhosting.pl/konradgruza/domeny/rezerwacja.onrop.pl/system/CodeIgniter.php(918): App\Controllers\App->samochod_process()
#5 /home/klient.dhosting.pl/konradgruza/domeny/rezerwacja.onrop.pl/system/CodeIgniter.php(404): CodeIgniter\CodeIgniter->runController(Object(App\Controllers\App))
#6 /home/klient.dhosting.pl/konradgruza/domeny/rezerwacja.onrop.pl/system/CodeIgniter.php(312): CodeIgniter\CodeIgniter->handleRequest(NULL, Object(Config\Cache), false)
#7 /home/klient.dhosting.pl/konradgruza/domeny/rezerwacja.onrop.pl/public/index.php(45): CodeIgniter\CodeIgniter->run()
#8 {main}
CRITICAL - 2020-11-17 19:18:03 --> Call to undefined method CodeIgniter\HTTP\IncomingRequest::getVa()
#0 /home/klient.dhosting.pl/konradgruza/domeny/rezerwacja.onrop.pl/system/CodeIgniter.php(918): App\Controllers\App->samochod_process()
#1 /home/klient.dhosting.pl/konradgruza/domeny/rezerwacja.onrop.pl/system/CodeIgniter.php(404): CodeIgniter\CodeIgniter->runController(Object(App\Controllers\App))
#2 /home/klient.dhosting.pl/konradgruza/domeny/rezerwacja.onrop.pl/system/CodeIgniter.php(312): CodeIgniter\CodeIgniter->handleRequest(NULL, Object(Config\Cache), false)
#3 /home/klient.dhosting.pl/konradgruza/domeny/rezerwacja.onrop.pl/public/index.php(45): CodeIgniter\CodeIgniter->run()
#4 {main}
CRITICAL - 2020-11-17 19:32:14 --> syntax error, unexpected '=', expecting ']'
#0 /home/klient.dhosting.pl/konradgruza/domeny/rezerwacja.onrop.pl/system/Autoloader/Autoloader.php(296): CodeIgniter\Autoloader\Autoloader->requireFile('/home/klient.dh...')
#1 /home/klient.dhosting.pl/konradgruza/domeny/rezerwacja.onrop.pl/system/Autoloader/Autoloader.php(258): CodeIgniter\Autoloader\Autoloader->loadInNamespace('App\\Controllers...')
#2 [internal function]: CodeIgniter\Autoloader\Autoloader->loadClass('App\\Controllers...')
#3 [internal function]: spl_autoload_call('App\\Controllers...')
#4 /home/klient.dhosting.pl/konradgruza/domeny/rezerwacja.onrop.pl/system/CodeIgniter.php(869): class_exists('\\App\\Controller...', true)
#5 /home/klient.dhosting.pl/konradgruza/domeny/rezerwacja.onrop.pl/system/CodeIgniter.php(394): CodeIgniter\CodeIgniter->startController()
#6 /home/klient.dhosting.pl/konradgruza/domeny/rezerwacja.onrop.pl/system/CodeIgniter.php(312): CodeIgniter\CodeIgniter->handleRequest(NULL, Object(Config\Cache), false)
#7 /home/klient.dhosting.pl/konradgruza/domeny/rezerwacja.onrop.pl/public/index.php(45): CodeIgniter\CodeIgniter->run()
#8 {main}
