CRITICAL - 2020-11-14 09:28:53 --> syntax error, unexpected '/', expecting ')'
#0 /home/klient.dhosting.pl/konradgruza/domeny/rezerwacja.onrop.pl/system/CodeIgniter.php(364): CodeIgniter\CodeIgniter->tryToRouteIt(NULL)
#1 /home/klient.dhosting.pl/konradgruza/domeny/rezerwacja.onrop.pl/system/CodeIgniter.php(312): CodeIgniter\CodeIgniter->handleRequest(NULL, Object(Config\Cache), false)
#2 /home/klient.dhosting.pl/konradgruza/domeny/rezerwacja.onrop.pl/public/index.php(45): CodeIgniter\CodeIgniter->run()
#3 {main}
CRITICAL - 2020-11-14 09:28:57 --> syntax error, unexpected '/', expecting ')'
#0 /home/klient.dhosting.pl/konradgruza/domeny/rezerwacja.onrop.pl/system/CodeIgniter.php(364): CodeIgniter\CodeIgniter->tryToRouteIt(NULL)
#1 /home/klient.dhosting.pl/konradgruza/domeny/rezerwacja.onrop.pl/system/CodeIgniter.php(312): CodeIgniter\CodeIgniter->handleRequest(NULL, Object(Config\Cache), false)
#2 /home/klient.dhosting.pl/konradgruza/domeny/rezerwacja.onrop.pl/public/index.php(45): CodeIgniter\CodeIgniter->run()
#3 {main}
CRITICAL - 2020-11-14 09:29:48 --> syntax error, unexpected '/', expecting ')'
#0 /home/klient.dhosting.pl/konradgruza/domeny/rezerwacja.onrop.pl/system/CodeIgniter.php(364): CodeIgniter\CodeIgniter->tryToRouteIt(NULL)
#1 /home/klient.dhosting.pl/konradgruza/domeny/rezerwacja.onrop.pl/system/CodeIgniter.php(312): CodeIgniter\CodeIgniter->handleRequest(NULL, Object(Config\Cache), false)
#2 /home/klient.dhosting.pl/konradgruza/domeny/rezerwacja.onrop.pl/public/index.php(45): CodeIgniter\CodeIgniter->run()
#3 {main}
CRITICAL - 2020-11-14 09:31:02 --> syntax error, unexpected '/', expecting ')'
#0 /home/klient.dhosting.pl/konradgruza/domeny/rezerwacja.onrop.pl/system/CodeIgniter.php(364): CodeIgniter\CodeIgniter->tryToRouteIt(NULL)
#1 /home/klient.dhosting.pl/konradgruza/domeny/rezerwacja.onrop.pl/system/CodeIgniter.php(312): CodeIgniter\CodeIgniter->handleRequest(NULL, Object(Config\Cache), false)
#2 /home/klient.dhosting.pl/konradgruza/domeny/rezerwacja.onrop.pl/public/index.php(45): CodeIgniter\CodeIgniter->run()
#3 {main}
CRITICAL - 2020-11-14 09:31:04 --> syntax error, unexpected '/', expecting ')'
#0 /home/klient.dhosting.pl/konradgruza/domeny/rezerwacja.onrop.pl/system/CodeIgniter.php(364): CodeIgniter\CodeIgniter->tryToRouteIt(NULL)
#1 /home/klient.dhosting.pl/konradgruza/domeny/rezerwacja.onrop.pl/system/CodeIgniter.php(312): CodeIgniter\CodeIgniter->handleRequest(NULL, Object(Config\Cache), false)
#2 /home/klient.dhosting.pl/konradgruza/domeny/rezerwacja.onrop.pl/public/index.php(45): CodeIgniter\CodeIgniter->run()
#3 {main}
CRITICAL - 2020-11-14 09:31:12 --> syntax error, unexpected '/', expecting ')'
#0 /home/klient.dhosting.pl/konradgruza/domeny/rezerwacja.onrop.pl/system/CodeIgniter.php(364): CodeIgniter\CodeIgniter->tryToRouteIt(NULL)
#1 /home/klient.dhosting.pl/konradgruza/domeny/rezerwacja.onrop.pl/system/CodeIgniter.php(312): CodeIgniter\CodeIgniter->handleRequest(NULL, Object(Config\Cache), false)
#2 /home/klient.dhosting.pl/konradgruza/domeny/rezerwacja.onrop.pl/public/index.php(45): CodeIgniter\CodeIgniter->run()
#3 {main}
CRITICAL - 2020-11-14 09:31:14 --> syntax error, unexpected '/', expecting ')'
#0 /home/klient.dhosting.pl/konradgruza/domeny/rezerwacja.onrop.pl/system/CodeIgniter.php(364): CodeIgniter\CodeIgniter->tryToRouteIt(NULL)
#1 /home/klient.dhosting.pl/konradgruza/domeny/rezerwacja.onrop.pl/system/CodeIgniter.php(312): CodeIgniter\CodeIgniter->handleRequest(NULL, Object(Config\Cache), false)
#2 /home/klient.dhosting.pl/konradgruza/domeny/rezerwacja.onrop.pl/public/index.php(45): CodeIgniter\CodeIgniter->run()
#3 {main}
CRITICAL - 2020-11-14 09:31:52 --> syntax error, unexpected '/', expecting ')'
#0 /home/klient.dhosting.pl/konradgruza/domeny/rezerwacja.onrop.pl/system/CodeIgniter.php(364): CodeIgniter\CodeIgniter->tryToRouteIt(NULL)
#1 /home/klient.dhosting.pl/konradgruza/domeny/rezerwacja.onrop.pl/system/CodeIgniter.php(312): CodeIgniter\CodeIgniter->handleRequest(NULL, Object(Config\Cache), false)
#2 /home/klient.dhosting.pl/konradgruza/domeny/rezerwacja.onrop.pl/public/index.php(45): CodeIgniter\CodeIgniter->run()
#3 {main}
CRITICAL - 2020-11-14 09:31:53 --> syntax error, unexpected '/', expecting ')'
#0 /home/klient.dhosting.pl/konradgruza/domeny/rezerwacja.onrop.pl/system/CodeIgniter.php(364): CodeIgniter\CodeIgniter->tryToRouteIt(NULL)
#1 /home/klient.dhosting.pl/konradgruza/domeny/rezerwacja.onrop.pl/system/CodeIgniter.php(312): CodeIgniter\CodeIgniter->handleRequest(NULL, Object(Config\Cache), false)
#2 /home/klient.dhosting.pl/konradgruza/domeny/rezerwacja.onrop.pl/public/index.php(45): CodeIgniter\CodeIgniter->run()
#3 {main}
CRITICAL - 2020-11-14 09:31:54 --> syntax error, unexpected '/', expecting ')'
#0 /home/klient.dhosting.pl/konradgruza/domeny/rezerwacja.onrop.pl/system/CodeIgniter.php(364): CodeIgniter\CodeIgniter->tryToRouteIt(NULL)
#1 /home/klient.dhosting.pl/konradgruza/domeny/rezerwacja.onrop.pl/system/CodeIgniter.php(312): CodeIgniter\CodeIgniter->handleRequest(NULL, Object(Config\Cache), false)
#2 /home/klient.dhosting.pl/konradgruza/domeny/rezerwacja.onrop.pl/public/index.php(45): CodeIgniter\CodeIgniter->run()
#3 {main}
CRITICAL - 2020-11-14 09:31:59 --> syntax error, unexpected '/', expecting ')'
#0 /home/klient.dhosting.pl/konradgruza/domeny/rezerwacja.onrop.pl/system/CodeIgniter.php(364): CodeIgniter\CodeIgniter->tryToRouteIt(NULL)
#1 /home/klient.dhosting.pl/konradgruza/domeny/rezerwacja.onrop.pl/system/CodeIgniter.php(312): CodeIgniter\CodeIgniter->handleRequest(NULL, Object(Config\Cache), false)
#2 /home/klient.dhosting.pl/konradgruza/domeny/rezerwacja.onrop.pl/public/index.php(45): CodeIgniter\CodeIgniter->run()
#3 {main}
CRITICAL - 2020-11-14 09:32:19 --> syntax error, unexpected '/', expecting ')'
#0 /home/klient.dhosting.pl/konradgruza/domeny/rezerwacja.onrop.pl/system/CodeIgniter.php(364): CodeIgniter\CodeIgniter->tryToRouteIt(NULL)
#1 /home/klient.dhosting.pl/konradgruza/domeny/rezerwacja.onrop.pl/system/CodeIgniter.php(312): CodeIgniter\CodeIgniter->handleRequest(NULL, Object(Config\Cache), false)
#2 /home/klient.dhosting.pl/konradgruza/domeny/rezerwacja.onrop.pl/public/index.php(45): CodeIgniter\CodeIgniter->run()
#3 {main}
CRITICAL - 2020-11-14 09:32:24 --> syntax error, unexpected '/', expecting ')'
#0 /home/klient.dhosting.pl/konradgruza/domeny/rezerwacja.onrop.pl/system/CodeIgniter.php(364): CodeIgniter\CodeIgniter->tryToRouteIt(NULL)
#1 /home/klient.dhosting.pl/konradgruza/domeny/rezerwacja.onrop.pl/system/CodeIgniter.php(312): CodeIgniter\CodeIgniter->handleRequest(NULL, Object(Config\Cache), false)
#2 /home/klient.dhosting.pl/konradgruza/domeny/rezerwacja.onrop.pl/public/index.php(45): CodeIgniter\CodeIgniter->run()
#3 {main}
CRITICAL - 2020-11-14 09:33:23 --> syntax error, unexpected '/', expecting ')'
#0 /home/klient.dhosting.pl/konradgruza/domeny/rezerwacja.onrop.pl/system/CodeIgniter.php(364): CodeIgniter\CodeIgniter->tryToRouteIt(NULL)
#1 /home/klient.dhosting.pl/konradgruza/domeny/rezerwacja.onrop.pl/system/CodeIgniter.php(312): CodeIgniter\CodeIgniter->handleRequest(NULL, Object(Config\Cache), false)
#2 /home/klient.dhosting.pl/konradgruza/domeny/rezerwacja.onrop.pl/public/index.php(45): CodeIgniter\CodeIgniter->run()
#3 {main}
CRITICAL - 2020-11-14 09:33:24 --> syntax error, unexpected '/', expecting ')'
#0 /home/klient.dhosting.pl/konradgruza/domeny/rezerwacja.onrop.pl/system/CodeIgniter.php(364): CodeIgniter\CodeIgniter->tryToRouteIt(NULL)
#1 /home/klient.dhosting.pl/konradgruza/domeny/rezerwacja.onrop.pl/system/CodeIgniter.php(312): CodeIgniter\CodeIgniter->handleRequest(NULL, Object(Config\Cache), false)
#2 /home/klient.dhosting.pl/konradgruza/domeny/rezerwacja.onrop.pl/public/index.php(45): CodeIgniter\CodeIgniter->run()
#3 {main}
CRITICAL - 2020-11-14 09:34:07 --> syntax error, unexpected '/', expecting ')'
#0 /home/klient.dhosting.pl/konradgruza/domeny/rezerwacja.onrop.pl/system/CodeIgniter.php(364): CodeIgniter\CodeIgniter->tryToRouteIt(NULL)
#1 /home/klient.dhosting.pl/konradgruza/domeny/rezerwacja.onrop.pl/system/CodeIgniter.php(312): CodeIgniter\CodeIgniter->handleRequest(NULL, Object(Config\Cache), false)
#2 /home/klient.dhosting.pl/konradgruza/domeny/rezerwacja.onrop.pl/public/index.php(45): CodeIgniter\CodeIgniter->run()
#3 {main}
CRITICAL - 2020-11-14 09:34:24 --> syntax error, unexpected '/', expecting ')'
#0 /home/klient.dhosting.pl/konradgruza/domeny/rezerwacja.onrop.pl/system/CodeIgniter.php(364): CodeIgniter\CodeIgniter->tryToRouteIt(NULL)
#1 /home/klient.dhosting.pl/konradgruza/domeny/rezerwacja.onrop.pl/system/CodeIgniter.php(312): CodeIgniter\CodeIgniter->handleRequest(NULL, Object(Config\Cache), false)
#2 /home/klient.dhosting.pl/konradgruza/domeny/rezerwacja.onrop.pl/public/index.php(45): CodeIgniter\CodeIgniter->run()
#3 {main}
CRITICAL - 2020-11-14 09:34:25 --> syntax error, unexpected '/', expecting ')'
#0 /home/klient.dhosting.pl/konradgruza/domeny/rezerwacja.onrop.pl/system/CodeIgniter.php(364): CodeIgniter\CodeIgniter->tryToRouteIt(NULL)
#1 /home/klient.dhosting.pl/konradgruza/domeny/rezerwacja.onrop.pl/system/CodeIgniter.php(312): CodeIgniter\CodeIgniter->handleRequest(NULL, Object(Config\Cache), false)
#2 /home/klient.dhosting.pl/konradgruza/domeny/rezerwacja.onrop.pl/public/index.php(45): CodeIgniter\CodeIgniter->run()
#3 {main}
CRITICAL - 2020-11-14 09:35:11 --> syntax error, unexpected '/', expecting ')'
#0 /home/klient.dhosting.pl/konradgruza/domeny/rezerwacja.onrop.pl/system/CodeIgniter.php(364): CodeIgniter\CodeIgniter->tryToRouteIt(NULL)
#1 /home/klient.dhosting.pl/konradgruza/domeny/rezerwacja.onrop.pl/system/CodeIgniter.php(312): CodeIgniter\CodeIgniter->handleRequest(NULL, Object(Config\Cache), false)
#2 /home/klient.dhosting.pl/konradgruza/domeny/rezerwacja.onrop.pl/public/index.php(45): CodeIgniter\CodeIgniter->run()
#3 {main}
CRITICAL - 2020-11-14 09:35:21 --> syntax error, unexpected '/', expecting ')'
#0 /home/klient.dhosting.pl/konradgruza/domeny/rezerwacja.onrop.pl/system/CodeIgniter.php(364): CodeIgniter\CodeIgniter->tryToRouteIt(NULL)
#1 /home/klient.dhosting.pl/konradgruza/domeny/rezerwacja.onrop.pl/system/CodeIgniter.php(312): CodeIgniter\CodeIgniter->handleRequest(NULL, Object(Config\Cache), false)
#2 /home/klient.dhosting.pl/konradgruza/domeny/rezerwacja.onrop.pl/public/index.php(45): CodeIgniter\CodeIgniter->run()
#3 {main}
CRITICAL - 2020-11-14 09:35:23 --> syntax error, unexpected '/', expecting ')'
#0 /home/klient.dhosting.pl/konradgruza/domeny/rezerwacja.onrop.pl/system/CodeIgniter.php(364): CodeIgniter\CodeIgniter->tryToRouteIt(NULL)
#1 /home/klient.dhosting.pl/konradgruza/domeny/rezerwacja.onrop.pl/system/CodeIgniter.php(312): CodeIgniter\CodeIgniter->handleRequest(NULL, Object(Config\Cache), false)
#2 /home/klient.dhosting.pl/konradgruza/domeny/rezerwacja.onrop.pl/public/index.php(45): CodeIgniter\CodeIgniter->run()
#3 {main}
CRITICAL - 2020-11-14 09:35:45 --> syntax error, unexpected '/', expecting ')'
#0 /home/klient.dhosting.pl/konradgruza/domeny/rezerwacja.onrop.pl/system/CodeIgniter.php(364): CodeIgniter\CodeIgniter->tryToRouteIt(NULL)
#1 /home/klient.dhosting.pl/konradgruza/domeny/rezerwacja.onrop.pl/system/CodeIgniter.php(312): CodeIgniter\CodeIgniter->handleRequest(NULL, Object(Config\Cache), false)
#2 /home/klient.dhosting.pl/konradgruza/domeny/rezerwacja.onrop.pl/public/index.php(45): CodeIgniter\CodeIgniter->run()
#3 {main}
CRITICAL - 2020-11-14 09:35:46 --> syntax error, unexpected '/', expecting ')'
#0 /home/klient.dhosting.pl/konradgruza/domeny/rezerwacja.onrop.pl/system/CodeIgniter.php(364): CodeIgniter\CodeIgniter->tryToRouteIt(NULL)
#1 /home/klient.dhosting.pl/konradgruza/domeny/rezerwacja.onrop.pl/system/CodeIgniter.php(312): CodeIgniter\CodeIgniter->handleRequest(NULL, Object(Config\Cache), false)
#2 /home/klient.dhosting.pl/konradgruza/domeny/rezerwacja.onrop.pl/public/index.php(45): CodeIgniter\CodeIgniter->run()
#3 {main}
CRITICAL - 2020-11-14 09:35:46 --> syntax error, unexpected '/', expecting ')'
#0 /home/klient.dhosting.pl/konradgruza/domeny/rezerwacja.onrop.pl/system/CodeIgniter.php(364): CodeIgniter\CodeIgniter->tryToRouteIt(NULL)
#1 /home/klient.dhosting.pl/konradgruza/domeny/rezerwacja.onrop.pl/system/CodeIgniter.php(312): CodeIgniter\CodeIgniter->handleRequest(NULL, Object(Config\Cache), false)
#2 /home/klient.dhosting.pl/konradgruza/domeny/rezerwacja.onrop.pl/public/index.php(45): CodeIgniter\CodeIgniter->run()
#3 {main}
CRITICAL - 2020-11-14 09:35:55 --> syntax error, unexpected '/', expecting ')'
#0 /home/klient.dhosting.pl/konradgruza/domeny/rezerwacja.onrop.pl/system/CodeIgniter.php(364): CodeIgniter\CodeIgniter->tryToRouteIt(NULL)
#1 /home/klient.dhosting.pl/konradgruza/domeny/rezerwacja.onrop.pl/system/CodeIgniter.php(312): CodeIgniter\CodeIgniter->handleRequest(NULL, Object(Config\Cache), false)
#2 /home/klient.dhosting.pl/konradgruza/domeny/rezerwacja.onrop.pl/public/index.php(45): CodeIgniter\CodeIgniter->run()
#3 {main}
CRITICAL - 2020-11-14 09:36:15 --> syntax error, unexpected '/', expecting ')'
#0 /home/klient.dhosting.pl/konradgruza/domeny/rezerwacja.onrop.pl/system/CodeIgniter.php(364): CodeIgniter\CodeIgniter->tryToRouteIt(NULL)
#1 /home/klient.dhosting.pl/konradgruza/domeny/rezerwacja.onrop.pl/system/CodeIgniter.php(312): CodeIgniter\CodeIgniter->handleRequest(NULL, Object(Config\Cache), false)
#2 /home/klient.dhosting.pl/konradgruza/domeny/rezerwacja.onrop.pl/public/index.php(45): CodeIgniter\CodeIgniter->run()
#3 {main}
CRITICAL - 2020-11-14 09:36:16 --> syntax error, unexpected '/', expecting ')'
#0 /home/klient.dhosting.pl/konradgruza/domeny/rezerwacja.onrop.pl/system/CodeIgniter.php(364): CodeIgniter\CodeIgniter->tryToRouteIt(NULL)
#1 /home/klient.dhosting.pl/konradgruza/domeny/rezerwacja.onrop.pl/system/CodeIgniter.php(312): CodeIgniter\CodeIgniter->handleRequest(NULL, Object(Config\Cache), false)
#2 /home/klient.dhosting.pl/konradgruza/domeny/rezerwacja.onrop.pl/public/index.php(45): CodeIgniter\CodeIgniter->run()
#3 {main}
CRITICAL - 2020-11-14 09:36:54 --> syntax error, unexpected '/', expecting ')'
#0 /home/klient.dhosting.pl/konradgruza/domeny/rezerwacja.onrop.pl/system/CodeIgniter.php(364): CodeIgniter\CodeIgniter->tryToRouteIt(NULL)
#1 /home/klient.dhosting.pl/konradgruza/domeny/rezerwacja.onrop.pl/system/CodeIgniter.php(312): CodeIgniter\CodeIgniter->handleRequest(NULL, Object(Config\Cache), false)
#2 /home/klient.dhosting.pl/konradgruza/domeny/rezerwacja.onrop.pl/public/index.php(45): CodeIgniter\CodeIgniter->run()
#3 {main}
CRITICAL - 2020-11-14 09:38:37 --> syntax error, unexpected '/', expecting ')'
#0 /home/klient.dhosting.pl/konradgruza/domeny/rezerwacja.onrop.pl/system/CodeIgniter.php(364): CodeIgniter\CodeIgniter->tryToRouteIt(NULL)
#1 /home/klient.dhosting.pl/konradgruza/domeny/rezerwacja.onrop.pl/system/CodeIgniter.php(312): CodeIgniter\CodeIgniter->handleRequest(NULL, Object(Config\Cache), false)
#2 /home/klient.dhosting.pl/konradgruza/domeny/rezerwacja.onrop.pl/public/index.php(45): CodeIgniter\CodeIgniter->run()
#3 {main}
CRITICAL - 2020-11-14 09:38:38 --> syntax error, unexpected '/', expecting ')'
#0 /home/klient.dhosting.pl/konradgruza/domeny/rezerwacja.onrop.pl/system/CodeIgniter.php(364): CodeIgniter\CodeIgniter->tryToRouteIt(NULL)
#1 /home/klient.dhosting.pl/konradgruza/domeny/rezerwacja.onrop.pl/system/CodeIgniter.php(312): CodeIgniter\CodeIgniter->handleRequest(NULL, Object(Config\Cache), false)
#2 /home/klient.dhosting.pl/konradgruza/domeny/rezerwacja.onrop.pl/public/index.php(45): CodeIgniter\CodeIgniter->run()
#3 {main}
CRITICAL - 2020-11-14 09:38:39 --> syntax error, unexpected '/', expecting ')'
#0 /home/klient.dhosting.pl/konradgruza/domeny/rezerwacja.onrop.pl/system/CodeIgniter.php(364): CodeIgniter\CodeIgniter->tryToRouteIt(NULL)
#1 /home/klient.dhosting.pl/konradgruza/domeny/rezerwacja.onrop.pl/system/CodeIgniter.php(312): CodeIgniter\CodeIgniter->handleRequest(NULL, Object(Config\Cache), false)
#2 /home/klient.dhosting.pl/konradgruza/domeny/rezerwacja.onrop.pl/public/index.php(45): CodeIgniter\CodeIgniter->run()
#3 {main}
CRITICAL - 2020-11-14 09:38:39 --> syntax error, unexpected '/', expecting ')'
#0 /home/klient.dhosting.pl/konradgruza/domeny/rezerwacja.onrop.pl/system/CodeIgniter.php(364): CodeIgniter\CodeIgniter->tryToRouteIt(NULL)
#1 /home/klient.dhosting.pl/konradgruza/domeny/rezerwacja.onrop.pl/system/CodeIgniter.php(312): CodeIgniter\CodeIgniter->handleRequest(NULL, Object(Config\Cache), false)
#2 /home/klient.dhosting.pl/konradgruza/domeny/rezerwacja.onrop.pl/public/index.php(45): CodeIgniter\CodeIgniter->run()
#3 {main}
CRITICAL - 2020-11-14 09:38:39 --> syntax error, unexpected '/', expecting ')'
#0 /home/klient.dhosting.pl/konradgruza/domeny/rezerwacja.onrop.pl/system/CodeIgniter.php(364): CodeIgniter\CodeIgniter->tryToRouteIt(NULL)
#1 /home/klient.dhosting.pl/konradgruza/domeny/rezerwacja.onrop.pl/system/CodeIgniter.php(312): CodeIgniter\CodeIgniter->handleRequest(NULL, Object(Config\Cache), false)
#2 /home/klient.dhosting.pl/konradgruza/domeny/rezerwacja.onrop.pl/public/index.php(45): CodeIgniter\CodeIgniter->run()
#3 {main}
CRITICAL - 2020-11-14 09:38:39 --> syntax error, unexpected '/', expecting ')'
#0 /home/klient.dhosting.pl/konradgruza/domeny/rezerwacja.onrop.pl/system/CodeIgniter.php(364): CodeIgniter\CodeIgniter->tryToRouteIt(NULL)
#1 /home/klient.dhosting.pl/konradgruza/domeny/rezerwacja.onrop.pl/system/CodeIgniter.php(312): CodeIgniter\CodeIgniter->handleRequest(NULL, Object(Config\Cache), false)
#2 /home/klient.dhosting.pl/konradgruza/domeny/rezerwacja.onrop.pl/public/index.php(45): CodeIgniter\CodeIgniter->run()
#3 {main}
CRITICAL - 2020-11-14 09:38:39 --> syntax error, unexpected '/', expecting ')'
#0 /home/klient.dhosting.pl/konradgruza/domeny/rezerwacja.onrop.pl/system/CodeIgniter.php(364): CodeIgniter\CodeIgniter->tryToRouteIt(NULL)
#1 /home/klient.dhosting.pl/konradgruza/domeny/rezerwacja.onrop.pl/system/CodeIgniter.php(312): CodeIgniter\CodeIgniter->handleRequest(NULL, Object(Config\Cache), false)
#2 /home/klient.dhosting.pl/konradgruza/domeny/rezerwacja.onrop.pl/public/index.php(45): CodeIgniter\CodeIgniter->run()
#3 {main}
CRITICAL - 2020-11-14 09:38:40 --> syntax error, unexpected '/', expecting ')'
#0 /home/klient.dhosting.pl/konradgruza/domeny/rezerwacja.onrop.pl/system/CodeIgniter.php(364): CodeIgniter\CodeIgniter->tryToRouteIt(NULL)
#1 /home/klient.dhosting.pl/konradgruza/domeny/rezerwacja.onrop.pl/system/CodeIgniter.php(312): CodeIgniter\CodeIgniter->handleRequest(NULL, Object(Config\Cache), false)
#2 /home/klient.dhosting.pl/konradgruza/domeny/rezerwacja.onrop.pl/public/index.php(45): CodeIgniter\CodeIgniter->run()
#3 {main}
CRITICAL - 2020-11-14 09:38:40 --> syntax error, unexpected '/', expecting ')'
#0 /home/klient.dhosting.pl/konradgruza/domeny/rezerwacja.onrop.pl/system/CodeIgniter.php(364): CodeIgniter\CodeIgniter->tryToRouteIt(NULL)
#1 /home/klient.dhosting.pl/konradgruza/domeny/rezerwacja.onrop.pl/system/CodeIgniter.php(312): CodeIgniter\CodeIgniter->handleRequest(NULL, Object(Config\Cache), false)
#2 /home/klient.dhosting.pl/konradgruza/domeny/rezerwacja.onrop.pl/public/index.php(45): CodeIgniter\CodeIgniter->run()
#3 {main}
CRITICAL - 2020-11-14 09:41:23 --> syntax error, unexpected '/', expecting ')'
#0 /home/klient.dhosting.pl/konradgruza/domeny/rezerwacja.onrop.pl/system/CodeIgniter.php(364): CodeIgniter\CodeIgniter->tryToRouteIt(NULL)
#1 /home/klient.dhosting.pl/konradgruza/domeny/rezerwacja.onrop.pl/system/CodeIgniter.php(312): CodeIgniter\CodeIgniter->handleRequest(NULL, Object(Config\Cache), false)
#2 /home/klient.dhosting.pl/konradgruza/domeny/rezerwacja.onrop.pl/public/index.php(45): CodeIgniter\CodeIgniter->run()
#3 {main}
CRITICAL - 2020-11-14 17:05:13 --> Invalid file: header.php
#0 /home/klient.dhosting.pl/konradgruza/domeny/rezerwacja.onrop.pl/system/View/View.php(228): CodeIgniter\Exceptions\FrameworkException::forInvalidFile('header.php')
#1 /home/klient.dhosting.pl/konradgruza/domeny/rezerwacja.onrop.pl/system/Common.php(1119): CodeIgniter\View\View->render('header', Array, true)
#2 /home/klient.dhosting.pl/konradgruza/domeny/rezerwacja.onrop.pl/app/Controllers/App.php(9): view('header')
#3 /home/klient.dhosting.pl/konradgruza/domeny/rezerwacja.onrop.pl/system/CodeIgniter.php(918): App\Controllers\App->index()
#4 /home/klient.dhosting.pl/konradgruza/domeny/rezerwacja.onrop.pl/system/CodeIgniter.php(404): CodeIgniter\CodeIgniter->runController(Object(App\Controllers\App))
#5 /home/klient.dhosting.pl/konradgruza/domeny/rezerwacja.onrop.pl/system/CodeIgniter.php(312): CodeIgniter\CodeIgniter->handleRequest(NULL, Object(Config\Cache), false)
#6 /home/klient.dhosting.pl/konradgruza/domeny/rezerwacja.onrop.pl/public/index.php(45): CodeIgniter\CodeIgniter->run()
#7 {main}
CRITICAL - 2020-11-14 17:08:41 --> Undefined variable: Title
#0 /home/klient.dhosting.pl/konradgruza/domeny/rezerwacja.onrop.pl/app/Views/header.php(9): CodeIgniter\Debug\Exceptions->errorHandler(8, 'Undefined varia...', '/home/klient.dh...', 9, Array)
#1 /home/klient.dhosting.pl/konradgruza/domeny/rezerwacja.onrop.pl/system/View/View.php(246): include('/home/klient.dh...')
#2 /home/klient.dhosting.pl/konradgruza/domeny/rezerwacja.onrop.pl/system/Common.php(1119): CodeIgniter\View\View->render('header', Array, true)
#3 /home/klient.dhosting.pl/konradgruza/domeny/rezerwacja.onrop.pl/app/Controllers/App.php(9): view('header')
#4 /home/klient.dhosting.pl/konradgruza/domeny/rezerwacja.onrop.pl/system/CodeIgniter.php(918): App\Controllers\App->index()
#5 /home/klient.dhosting.pl/konradgruza/domeny/rezerwacja.onrop.pl/system/CodeIgniter.php(404): CodeIgniter\CodeIgniter->runController(Object(App\Controllers\App))
#6 /home/klient.dhosting.pl/konradgruza/domeny/rezerwacja.onrop.pl/system/CodeIgniter.php(312): CodeIgniter\CodeIgniter->handleRequest(NULL, Object(Config\Cache), false)
#7 /home/klient.dhosting.pl/konradgruza/domeny/rezerwacja.onrop.pl/public/index.php(45): CodeIgniter\CodeIgniter->run()
#8 {main}
CRITICAL - 2020-11-14 17:09:43 --> syntax error, unexpected '=>' (T_DOUBLE_ARROW), expecting ']'
#0 /home/klient.dhosting.pl/konradgruza/domeny/rezerwacja.onrop.pl/system/Autoloader/Autoloader.php(296): CodeIgniter\Autoloader\Autoloader->requireFile('/home/klient.dh...')
#1 /home/klient.dhosting.pl/konradgruza/domeny/rezerwacja.onrop.pl/system/Autoloader/Autoloader.php(258): CodeIgniter\Autoloader\Autoloader->loadInNamespace('App\\Controllers...')
#2 [internal function]: CodeIgniter\Autoloader\Autoloader->loadClass('App\\Controllers...')
#3 [internal function]: spl_autoload_call('App\\Controllers...')
#4 /home/klient.dhosting.pl/konradgruza/domeny/rezerwacja.onrop.pl/system/CodeIgniter.php(869): class_exists('\\App\\Controller...', true)
#5 /home/klient.dhosting.pl/konradgruza/domeny/rezerwacja.onrop.pl/system/CodeIgniter.php(394): CodeIgniter\CodeIgniter->startController()
#6 /home/klient.dhosting.pl/konradgruza/domeny/rezerwacja.onrop.pl/system/CodeIgniter.php(312): CodeIgniter\CodeIgniter->handleRequest(NULL, Object(Config\Cache), false)
#7 /home/klient.dhosting.pl/konradgruza/domeny/rezerwacja.onrop.pl/public/index.php(45): CodeIgniter\CodeIgniter->run()
#8 {main}
CRITICAL - 2020-11-14 18:03:14 --> Undefined index: zalogowany
#0 /home/klient.dhosting.pl/konradgruza/domeny/rezerwacja.onrop.pl/app/Views/index.php(8): CodeIgniter\Debug\Exceptions->errorHandler(8, 'Undefined index...', '/home/klient.dh...', 8, Array)
#1 /home/klient.dhosting.pl/konradgruza/domeny/rezerwacja.onrop.pl/system/View/View.php(246): include('/home/klient.dh...')
#2 /home/klient.dhosting.pl/konradgruza/domeny/rezerwacja.onrop.pl/system/Common.php(1119): CodeIgniter\View\View->render('index', Array, true)
#3 /home/klient.dhosting.pl/konradgruza/domeny/rezerwacja.onrop.pl/app/Controllers/App.php(14): view('index', Array)
#4 /home/klient.dhosting.pl/konradgruza/domeny/rezerwacja.onrop.pl/system/CodeIgniter.php(918): App\Controllers\App->index()
#5 /home/klient.dhosting.pl/konradgruza/domeny/rezerwacja.onrop.pl/system/CodeIgniter.php(404): CodeIgniter\CodeIgniter->runController(Object(App\Controllers\App))
#6 /home/klient.dhosting.pl/konradgruza/domeny/rezerwacja.onrop.pl/system/CodeIgniter.php(312): CodeIgniter\CodeIgniter->handleRequest(NULL, Object(Config\Cache), false)
#7 /home/klient.dhosting.pl/konradgruza/domeny/rezerwacja.onrop.pl/public/index.php(45): CodeIgniter\CodeIgniter->run()
#8 {main}
CRITICAL - 2020-11-14 18:03:27 --> syntax error, unexpected 'if' (T_IF)
#0 /home/klient.dhosting.pl/konradgruza/domeny/rezerwacja.onrop.pl/system/Common.php(1119): CodeIgniter\View\View->render('index', Array, true)
#1 /home/klient.dhosting.pl/konradgruza/domeny/rezerwacja.onrop.pl/app/Controllers/App.php(14): view('index', Array)
#2 /home/klient.dhosting.pl/konradgruza/domeny/rezerwacja.onrop.pl/system/CodeIgniter.php(918): App\Controllers\App->index()
#3 /home/klient.dhosting.pl/konradgruza/domeny/rezerwacja.onrop.pl/system/CodeIgniter.php(404): CodeIgniter\CodeIgniter->runController(Object(App\Controllers\App))
#4 /home/klient.dhosting.pl/konradgruza/domeny/rezerwacja.onrop.pl/system/CodeIgniter.php(312): CodeIgniter\CodeIgniter->handleRequest(NULL, Object(Config\Cache), false)
#5 /home/klient.dhosting.pl/konradgruza/domeny/rezerwacja.onrop.pl/public/index.php(45): CodeIgniter\CodeIgniter->run()
#6 {main}
CRITICAL - 2020-11-14 18:57:12 --> Class 'App\Models\SamochodyMode' not found
#0 /home/klient.dhosting.pl/konradgruza/domeny/rezerwacja.onrop.pl/system/CodeIgniter.php(891): App\Controllers\BaseController->initController(Object(CodeIgniter\HTTP\IncomingRequest), Object(CodeIgniter\HTTP\Response), Object(CodeIgniter\Log\Logger))
#1 /home/klient.dhosting.pl/konradgruza/domeny/rezerwacja.onrop.pl/system/CodeIgniter.php(399): CodeIgniter\CodeIgniter->createController()
#2 /home/klient.dhosting.pl/konradgruza/domeny/rezerwacja.onrop.pl/system/CodeIgniter.php(312): CodeIgniter\CodeIgniter->handleRequest(NULL, Object(Config\Cache), false)
#3 /home/klient.dhosting.pl/konradgruza/domeny/rezerwacja.onrop.pl/public/index.php(45): CodeIgniter\CodeIgniter->run()
#4 {main}
CRITICAL - 2020-11-14 19:23:36 --> Call to a member function where() on array
#0 /home/klient.dhosting.pl/konradgruza/domeny/rezerwacja.onrop.pl/system/CodeIgniter.php(918): App\Controllers\App->index()
#1 /home/klient.dhosting.pl/konradgruza/domeny/rezerwacja.onrop.pl/system/CodeIgniter.php(404): CodeIgniter\CodeIgniter->runController(Object(App\Controllers\App))
#2 /home/klient.dhosting.pl/konradgruza/domeny/rezerwacja.onrop.pl/system/CodeIgniter.php(312): CodeIgniter\CodeIgniter->handleRequest(NULL, Object(Config\Cache), false)
#3 /home/klient.dhosting.pl/konradgruza/domeny/rezerwacja.onrop.pl/public/index.php(45): CodeIgniter\CodeIgniter->run()
#4 {main}
